build/app/intermediates/manifest_merge_blame_file/debug/manifest-merger-blame-debug-report.txt
1<?xml version="1.0" encoding="utf-8"?>
2<manifest xmlns:android="http://schemas.android.com/apk/res/android"
3    package="com.sixamtech.stack_food"
4    android:versionCode="1"
5    android:versionName="1.0.0" >
6
7    <uses-sdk
8        android:minSdkVersion="21"
9        android:targetSdkVersion="31" />
10    <!--
11         Flutter needs it to communicate with the running application
12         to allow setting breakpoints, to provide hot reload, etc.
13    -->
14    <uses-permission android:name="android.permission.INTERNET" />
14-->src/main/AndroidManifest.xml:4:5-66
14-->src/main/AndroidManifest.xml:4:22-64
15    <uses-permission android:name="android.permission.ACCESS_FINE_LOCATION" />
15-->src/main/AndroidManifest.xml:5:5-79
15-->src/main/AndroidManifest.xml:5:22-76
16    <uses-permission android:name="android.permission.ACCESS_COARSE_LOCATION" />
16-->src/main/AndroidManifest.xml:6:5-81
16-->src/main/AndroidManifest.xml:6:22-78
17
18    <queries>
18-->src/main/AndroidManifest.xml:8:5-21:15
19        <intent>
19-->src/main/AndroidManifest.xml:9:9-12:18
20            <action android:name="android.intent.action.VIEW" />
20-->src/main/AndroidManifest.xml:10:13-65
20-->src/main/AndroidManifest.xml:10:21-62
21
22            <data android:scheme="https" />
22-->src/main/AndroidManifest.xml:11:13-44
22-->src/main/AndroidManifest.xml:11:19-41
23        </intent>
24        <intent>
24-->src/main/AndroidManifest.xml:13:9-16:18
25            <action android:name="android.intent.action.DIAL" />
25-->src/main/AndroidManifest.xml:14:13-65
25-->src/main/AndroidManifest.xml:14:21-62
26
27            <data android:scheme="tel" />
27-->src/main/AndroidManifest.xml:11:13-44
27-->src/main/AndroidManifest.xml:11:19-41
28        </intent>
29        <intent>
29-->src/main/AndroidManifest.xml:17:9-20:18
30            <action android:name="android.intent.action.SEND" />
30-->src/main/AndroidManifest.xml:18:13-65
30-->src/main/AndroidManifest.xml:18:21-62
31
32            <data android:mimeType="*/*" />
32-->src/main/AndroidManifest.xml:11:13-44
33        </intent>
34        <intent>
34-->[:flutter_inappwebview] AndroidManifest.xml:10:9-12:18
35            <action android:name="android.support.customtabs.action.CustomTabsService" />
35-->[:flutter_inappwebview] AndroidManifest.xml:11:13-90
35-->[:flutter_inappwebview] AndroidManifest.xml:11:21-87
36        </intent> <!-- Needs to be explicitly declared on Android R+ -->
37        <package android:name="com.google.android.apps.maps" />
37-->[com.google.android.gms:play-services-maps:18.0.2] AndroidManifest.xml:33:9-64
37-->[com.google.android.gms:play-services-maps:18.0.2] AndroidManifest.xml:33:18-61
38    </queries>
39
40    <uses-permission android:name="android.permission.WAKE_LOCK" />
40-->[:firebase_messaging] AndroidManifest.xml:10:5-68
40-->[:firebase_messaging] AndroidManifest.xml:10:22-65
41    <uses-permission android:name="android.permission.ACCESS_NETWORK_STATE" />
41-->[:firebase_messaging] AndroidManifest.xml:11:5-79
41-->[:firebase_messaging] AndroidManifest.xml:11:22-76
42    <uses-permission android:name="android.permission.FOREGROUND_SERVICE" />
42-->[:geolocator_android] AndroidManifest.xml:9:5-77
42-->[:geolocator_android] AndroidManifest.xml:9:22-74
43    <uses-permission android:name="android.permission.RECEIVE_BOOT_COMPLETED" />
43-->[:flutter_local_notifications] AndroidManifest.xml:9:5-81
43-->[:flutter_local_notifications] AndroidManifest.xml:9:22-78
44    <uses-permission android:name="android.permission.VIBRATE" />
44-->[:flutter_local_notifications] AndroidManifest.xml:10:5-66
44-->[:flutter_local_notifications] AndroidManifest.xml:10:22-63
45    <uses-permission android:name="android.permission.USE_FULL_SCREEN_INTENT" />
45-->[:flutter_local_notifications] AndroidManifest.xml:11:5-81
45-->[:flutter_local_notifications] AndroidManifest.xml:11:22-78
46    <uses-permission android:name="android.permission.SCHEDULE_EXACT_ALARM" />
46-->[:flutter_local_notifications] AndroidManifest.xml:12:5-79
46-->[:flutter_local_notifications] AndroidManifest.xml:12:22-76
47    <uses-permission android:name="android.permission.POST_NOTIFICATIONS" /> <!-- Required by older versions of Google Play services to create IID tokens -->
47-->[com.google.firebase:firebase-messaging:23.0.7] AndroidManifest.xml:26:5-77
47-->[com.google.firebase:firebase-messaging:23.0.7] AndroidManifest.xml:26:22-74
48    <uses-permission android:name="com.google.android.c2dm.permission.RECEIVE" />
48-->[com.google.firebase:firebase-messaging:23.0.7] AndroidManifest.xml:29:5-82
48-->[com.google.firebase:firebase-messaging:23.0.7] AndroidManifest.xml:29:22-79
49
50    <uses-feature
50-->[com.google.android.gms:play-services-maps:18.0.2] AndroidManifest.xml:26:5-28:35
51        android:glEsVersion="0x00020000"
51-->[com.google.android.gms:play-services-maps:18.0.2] AndroidManifest.xml:27:9-41
52        android:required="true" />
52-->[com.google.android.gms:play-services-maps:18.0.2] AndroidManifest.xml:28:9-32
53
54    <application
54-->src/main/AndroidManifest.xml:23:5-77:19
55        android:appComponentFactory="androidx.core.app.CoreComponentFactory"
55-->[androidx.core:core:1.7.0] AndroidManifest.xml:24:18-86
56        android:debuggable="true"
57        android:icon="@mipmap/ic_launcher"
57-->src/main/AndroidManifest.xml:27:9-43
58        android:label="ae user"
58-->src/main/AndroidManifest.xml:24:9-32
59        android:requestLegacyExternalStorage="true"
59-->src/main/AndroidManifest.xml:25:9-52
60        android:usesCleartextTraffic="true" >
60-->src/main/AndroidManifest.xml:26:9-44
61        <meta-data
61-->src/main/AndroidManifest.xml:28:9-29:70
62            android:name="com.google.android.geo.API_KEY"
62-->src/main/AndroidManifest.xml:28:20-65
63            android:value="AIzaSyCaCSJ0BZItSyXqBv8vpD1N4WBffJeKhLQ" />
63-->src/main/AndroidManifest.xml:29:13-68
64
65        <activity
65-->src/main/AndroidManifest.xml:31:9-55:20
66            android:name="com.sixamtech.stack_food.MainActivity"
66-->src/main/AndroidManifest.xml:32:13-41
67            android:configChanges="orientation|keyboardHidden|keyboard|screenSize|smallestScreenSize|locale|layoutDirection|fontScale|screenLayout|density|uiMode"
67-->src/main/AndroidManifest.xml:35:13-163
68            android:exported="true"
68-->src/main/AndroidManifest.xml:37:13-36
69            android:hardwareAccelerated="true"
69-->src/main/AndroidManifest.xml:36:13-47
70            android:launchMode="singleTop"
70-->src/main/AndroidManifest.xml:33:13-43
71            android:theme="@style/LaunchTheme"
71-->src/main/AndroidManifest.xml:34:13-47
72            android:windowSoftInputMode="adjustResize" >
72-->src/main/AndroidManifest.xml:38:13-55
73            <meta-data
73-->src/main/AndroidManifest.xml:39:13-42:17
74                android:name="io.flutter.embedding.android.NormalTheme"
74-->src/main/AndroidManifest.xml:40:15-70
75                android:resource="@style/NormalTheme" />
75-->src/main/AndroidManifest.xml:41:15-52
76            <meta-data
76-->src/main/AndroidManifest.xml:44:13-46:50
77                android:name="com.google.firebase.messaging.default_notification_channel_id"
77-->src/main/AndroidManifest.xml:45:17-93
78                android:value="alkebulan Eats" />
78-->src/main/AndroidManifest.xml:46:17-47
79
80            <intent-filter>
80-->src/main/AndroidManifest.xml:47:13-50:29
81                <action android:name="android.intent.action.MAIN" />
81-->src/main/AndroidManifest.xml:48:17-68
81-->src/main/AndroidManifest.xml:48:25-66
82
83                <category android:name="android.intent.category.LAUNCHER" />
83-->src/main/AndroidManifest.xml:49:17-76
83-->src/main/AndroidManifest.xml:49:27-74
84            </intent-filter>
85            <intent-filter>
85-->src/main/AndroidManifest.xml:51:13-54:29
86                <action android:name="FLUTTER_NOTIFICATION_CLICK" />
86-->src/main/AndroidManifest.xml:52:17-69
86-->src/main/AndroidManifest.xml:52:25-66
87
88                <category android:name="android.intent.category.DEFAULT" />
88-->src/main/AndroidManifest.xml:53:17-76
88-->src/main/AndroidManifest.xml:53:27-73
89            </intent-filter>
90        </activity>
91
92        <meta-data
92-->src/main/AndroidManifest.xml:57:9-59:33
93            android:name="flutterEmbedding"
93-->src/main/AndroidManifest.xml:58:13-44
94            android:value="2" />
94-->src/main/AndroidManifest.xml:59:13-30
95        <meta-data
95-->src/main/AndroidManifest.xml:60:9-61:54
96            android:name="com.facebook.sdk.ApplicationId"
96-->src/main/AndroidManifest.xml:60:20-65
97            android:value="@string/facebook_app_id" />
97-->src/main/AndroidManifest.xml:61:13-52
98
99        <activity
99-->src/main/AndroidManifest.xml:63:9-66:48
100            android:name="com.facebook.FacebookActivity"
100-->src/main/AndroidManifest.xml:63:19-63
101            android:configChanges="keyboard|keyboardHidden|screenLayout|screenSize|orientation"
101-->src/main/AndroidManifest.xml:64:13-113
102            android:label="@string/app_name" />
102-->src/main/AndroidManifest.xml:66:13-45
103        <activity
103-->src/main/AndroidManifest.xml:67:9-76:20
104            android:name="com.facebook.CustomTabActivity"
104-->src/main/AndroidManifest.xml:68:13-58
105            android:exported="true" >
105-->src/main/AndroidManifest.xml:69:13-36
106            <intent-filter>
106-->src/main/AndroidManifest.xml:70:13-75:29
107                <action android:name="android.intent.action.VIEW" />
107-->src/main/AndroidManifest.xml:10:13-65
107-->src/main/AndroidManifest.xml:10:21-62
108
109                <category android:name="android.intent.category.DEFAULT" />
109-->src/main/AndroidManifest.xml:53:17-76
109-->src/main/AndroidManifest.xml:53:27-73
110                <category android:name="android.intent.category.BROWSABLE" />
110-->src/main/AndroidManifest.xml:73:17-78
110-->src/main/AndroidManifest.xml:73:27-75
111
112                <data android:scheme="@string/fb_login_protocol_scheme" />
112-->src/main/AndroidManifest.xml:11:13-44
112-->src/main/AndroidManifest.xml:11:19-41
113            </intent-filter>
114        </activity>
115
116        <service
116-->[:firebase_messaging] AndroidManifest.xml:14:9-17:72
117            android:name="io.flutter.plugins.firebase.messaging.FlutterFirebaseMessagingBackgroundService"
117-->[:firebase_messaging] AndroidManifest.xml:15:13-107
118            android:exported="false"
118-->[:firebase_messaging] AndroidManifest.xml:16:13-37
119            android:permission="android.permission.BIND_JOB_SERVICE" />
119-->[:firebase_messaging] AndroidManifest.xml:17:13-69
120        <service
120-->[:firebase_messaging] AndroidManifest.xml:18:9-24:19
121            android:name="io.flutter.plugins.firebase.messaging.FlutterFirebaseMessagingService"
121-->[:firebase_messaging] AndroidManifest.xml:19:13-97
122            android:exported="false" >
122-->[:firebase_messaging] AndroidManifest.xml:20:13-37
123            <intent-filter>
123-->[:firebase_messaging] AndroidManifest.xml:21:13-23:29
124                <action android:name="com.google.firebase.MESSAGING_EVENT" />
124-->[:firebase_messaging] AndroidManifest.xml:22:17-78
124-->[:firebase_messaging] AndroidManifest.xml:22:25-75
125            </intent-filter>
126        </service>
127
128        <receiver
128-->[:firebase_messaging] AndroidManifest.xml:26:9-33:20
129            android:name="io.flutter.plugins.firebase.messaging.FlutterFirebaseMessagingReceiver"
129-->[:firebase_messaging] AndroidManifest.xml:27:13-98
130            android:exported="true"
130-->[:firebase_messaging] AndroidManifest.xml:28:13-36
131            android:permission="com.google.android.c2dm.permission.SEND" >
131-->[:firebase_messaging] AndroidManifest.xml:29:13-73
132            <intent-filter>
132-->[:firebase_messaging] AndroidManifest.xml:30:13-32:29
133                <action android:name="com.google.android.c2dm.intent.RECEIVE" />
133-->[:firebase_messaging] AndroidManifest.xml:31:17-81
133-->[:firebase_messaging] AndroidManifest.xml:31:25-78
134            </intent-filter>
135        </receiver>
136
137        <service
137-->[:firebase_messaging] AndroidManifest.xml:35:9-39:19
138            android:name="com.google.firebase.components.ComponentDiscoveryService"
138-->[:firebase_messaging] AndroidManifest.xml:35:18-89
139            android:directBootAware="true"
139-->[com.google.firebase:firebase-common:20.1.1] AndroidManifest.xml:35:13-43
140            android:exported="false" >
140-->[com.google.firebase:firebase-messaging:23.0.7] AndroidManifest.xml:55:13-37
141            <meta-data
141-->[:firebase_messaging] AndroidManifest.xml:36:13-38:85
142                android:name="com.google.firebase.components:io.flutter.plugins.firebase.messaging.FlutterFirebaseAppRegistrar"
142-->[:firebase_messaging] AndroidManifest.xml:37:17-128
143                android:value="com.google.firebase.components.ComponentRegistrar" />
143-->[:firebase_messaging] AndroidManifest.xml:38:17-82
144            <meta-data
144-->[:firebase_core] AndroidManifest.xml:11:13-13:85
145                android:name="com.google.firebase.components:io.flutter.plugins.firebase.core.FlutterFirebaseCoreRegistrar"
145-->[:firebase_core] AndroidManifest.xml:12:17-124
146                android:value="com.google.firebase.components.ComponentRegistrar" />
146-->[:firebase_core] AndroidManifest.xml:13:17-82
147            <meta-data
147-->[com.google.firebase:firebase-messaging:23.0.7] AndroidManifest.xml:56:13-58:85
148                android:name="com.google.firebase.components:com.google.firebase.messaging.FirebaseMessagingRegistrar"
148-->[com.google.firebase:firebase-messaging:23.0.7] AndroidManifest.xml:57:17-119
149                android:value="com.google.firebase.components.ComponentRegistrar" />
149-->[com.google.firebase:firebase-messaging:23.0.7] AndroidManifest.xml:58:17-82
150            <meta-data
150-->[com.google.firebase:firebase-datatransport:18.1.5] AndroidManifest.xml:28:13-30:85
151                android:name="com.google.firebase.components:com.google.firebase.datatransport.TransportRegistrar"
151-->[com.google.firebase:firebase-datatransport:18.1.5] AndroidManifest.xml:29:17-115
152                android:value="com.google.firebase.components.ComponentRegistrar" />
152-->[com.google.firebase:firebase-datatransport:18.1.5] AndroidManifest.xml:30:17-82
153            <meta-data
153-->[com.google.firebase:firebase-installations:17.0.1] AndroidManifest.xml:18:13-20:85
154                android:name="com.google.firebase.components:com.google.firebase.installations.FirebaseInstallationsRegistrar"
154-->[com.google.firebase:firebase-installations:17.0.1] AndroidManifest.xml:19:17-127
155                android:value="com.google.firebase.components.ComponentRegistrar" />
155-->[com.google.firebase:firebase-installations:17.0.1] AndroidManifest.xml:20:17-82
156        </service>
157
158        <provider
158-->[:firebase_messaging] AndroidManifest.xml:41:9-45:38
159            android:name="io.flutter.plugins.firebase.messaging.FlutterFirebaseMessagingInitProvider"
159-->[:firebase_messaging] AndroidManifest.xml:42:13-102
160            android:authorities="com.sixamtech.stack_food.flutterfirebasemessaginginitprovider"
160-->[:firebase_messaging] AndroidManifest.xml:43:13-88
161            android:exported="false"
161-->[:firebase_messaging] AndroidManifest.xml:44:13-37
162            android:initOrder="99" />
162-->[:firebase_messaging] AndroidManifest.xml:45:13-35
163
164        <service
164-->[:geolocator_android] AndroidManifest.xml:12:9-16:56
165            android:name="com.baseflow.geolocator.GeolocatorLocationService"
165-->[:geolocator_android] AndroidManifest.xml:13:13-77
166            android:enabled="true"
166-->[:geolocator_android] AndroidManifest.xml:14:13-35
167            android:exported="false"
167-->[:geolocator_android] AndroidManifest.xml:15:13-37
168            android:foregroundServiceType="location" />
168-->[:geolocator_android] AndroidManifest.xml:16:13-53
169
170        <provider
170-->[:image_picker_android] AndroidManifest.xml:10:9-18:20
171            android:name="io.flutter.plugins.imagepicker.ImagePickerFileProvider"
171-->[:image_picker_android] AndroidManifest.xml:11:13-82
172            android:authorities="com.sixamtech.stack_food.flutter.image_provider"
172-->[:image_picker_android] AndroidManifest.xml:12:13-74
173            android:exported="false"
173-->[:image_picker_android] AndroidManifest.xml:13:13-37
174            android:grantUriPermissions="true" >
174-->[:image_picker_android] AndroidManifest.xml:14:13-47
175            <meta-data
175-->[:image_picker_android] AndroidManifest.xml:15:13-17:75
176                android:name="android.support.FILE_PROVIDER_PATHS"
176-->[:image_picker_android] AndroidManifest.xml:16:17-67
177                android:resource="@xml/flutter_image_picker_file_paths" />
177-->[:image_picker_android] AndroidManifest.xml:17:17-72
178        </provider>
179
180        <receiver
180-->[:flutter_local_notifications] AndroidManifest.xml:15:9-17:40
181            android:name="com.dexterous.flutterlocalnotifications.ScheduledNotificationReceiver"
181-->[:flutter_local_notifications] AndroidManifest.xml:16:13-97
182            android:exported="false" />
182-->[:flutter_local_notifications] AndroidManifest.xml:17:13-37
183        <receiver
183-->[:flutter_local_notifications] AndroidManifest.xml:18:9-27:20
184            android:name="com.dexterous.flutterlocalnotifications.ScheduledNotificationBootReceiver"
184-->[:flutter_local_notifications] AndroidManifest.xml:19:13-101
185            android:exported="false" >
185-->[:flutter_local_notifications] AndroidManifest.xml:20:13-37
186            <intent-filter>
186-->[:flutter_local_notifications] AndroidManifest.xml:21:13-26:29
187                <action android:name="android.intent.action.BOOT_COMPLETED" />
187-->[:flutter_local_notifications] AndroidManifest.xml:22:17-79
187-->[:flutter_local_notifications] AndroidManifest.xml:22:25-76
188                <action android:name="android.intent.action.MY_PACKAGE_REPLACED" />
188-->[:flutter_local_notifications] AndroidManifest.xml:23:17-84
188-->[:flutter_local_notifications] AndroidManifest.xml:23:25-81
189                <action android:name="android.intent.action.QUICKBOOT_POWERON" />
189-->[:flutter_local_notifications] AndroidManifest.xml:24:17-82
189-->[:flutter_local_notifications] AndroidManifest.xml:24:25-79
190                <action android:name="com.htc.intent.action.QUICKBOOT_POWERON" />
190-->[:flutter_local_notifications] AndroidManifest.xml:25:17-82
190-->[:flutter_local_notifications] AndroidManifest.xml:25:25-79
191            </intent-filter>
192        </receiver>
193
194        <activity
194-->[:url_launcher_android] AndroidManifest.xml:10:9-13:74
195            android:name="io.flutter.plugins.urllauncher.WebViewActivity"
195-->[:url_launcher_android] AndroidManifest.xml:11:13-74
196            android:exported="false"
196-->[:url_launcher_android] AndroidManifest.xml:12:13-37
197            android:theme="@android:style/Theme.NoTitleBar.Fullscreen" />
197-->[:url_launcher_android] AndroidManifest.xml:13:13-71
198        <activity
198-->[:flutter_inappwebview] AndroidManifest.xml:16:9-20:47
199            android:name="com.pichillilorenzo.flutter_inappwebview.in_app_browser.InAppBrowserActivity"
199-->[:flutter_inappwebview] AndroidManifest.xml:17:13-104
200            android:configChanges="orientation|keyboardHidden|keyboard|screenSize|locale|layoutDirection|fontScale|screenLayout|density"
200-->[:flutter_inappwebview] AndroidManifest.xml:18:13-137
201            android:exported="true"
201-->[:flutter_inappwebview] AndroidManifest.xml:19:13-36
202            android:theme="@style/AppTheme" />
202-->[:flutter_inappwebview] AndroidManifest.xml:20:13-44
203        <activity
203-->[:flutter_inappwebview] AndroidManifest.xml:21:9-24:55
204            android:name="com.pichillilorenzo.flutter_inappwebview.chrome_custom_tabs.ChromeCustomTabsActivity"
204-->[:flutter_inappwebview] AndroidManifest.xml:22:13-112
205            android:exported="true"
205-->[:flutter_inappwebview] AndroidManifest.xml:23:13-36
206            android:theme="@style/ThemeTransparent" />
206-->[:flutter_inappwebview] AndroidManifest.xml:24:13-52
207        <activity
207-->[:flutter_inappwebview] AndroidManifest.xml:25:9-28:55
208            android:name="com.pichillilorenzo.flutter_inappwebview.chrome_custom_tabs.TrustedWebActivity"
208-->[:flutter_inappwebview] AndroidManifest.xml:26:13-106
209            android:exported="true"
209-->[:flutter_inappwebview] AndroidManifest.xml:27:13-36
210            android:theme="@style/ThemeTransparent" />
210-->[:flutter_inappwebview] AndroidManifest.xml:28:13-52
211        <activity
211-->[:flutter_inappwebview] AndroidManifest.xml:29:9-33:55
212            android:name="com.pichillilorenzo.flutter_inappwebview.chrome_custom_tabs.ChromeCustomTabsActivitySingleInstance"
212-->[:flutter_inappwebview] AndroidManifest.xml:30:13-126
213            android:exported="true"
213-->[:flutter_inappwebview] AndroidManifest.xml:31:13-36
214            android:launchMode="singleInstance"
214-->[:flutter_inappwebview] AndroidManifest.xml:32:13-48
215            android:theme="@style/ThemeTransparent" />
215-->[:flutter_inappwebview] AndroidManifest.xml:33:13-52
216        <activity
216-->[:flutter_inappwebview] AndroidManifest.xml:34:9-38:55
217            android:name="com.pichillilorenzo.flutter_inappwebview.chrome_custom_tabs.TrustedWebActivitySingleInstance"
217-->[:flutter_inappwebview] AndroidManifest.xml:35:13-120
218            android:exported="true"
218-->[:flutter_inappwebview] AndroidManifest.xml:36:13-36
219            android:launchMode="singleInstance"
219-->[:flutter_inappwebview] AndroidManifest.xml:37:13-48
220            android:theme="@style/ThemeTransparent" />
220-->[:flutter_inappwebview] AndroidManifest.xml:38:13-52
221
222        <receiver
222-->[:flutter_inappwebview] AndroidManifest.xml:40:9-43:40
223            android:name="com.pichillilorenzo.flutter_inappwebview.chrome_custom_tabs.ActionBroadcastReceiver"
223-->[:flutter_inappwebview] AndroidManifest.xml:41:13-111
224            android:enabled="true"
224-->[:flutter_inappwebview] AndroidManifest.xml:42:13-35
225            android:exported="false" />
225-->[:flutter_inappwebview] AndroidManifest.xml:43:13-37
226
227        <meta-data
227-->[:flutter_inappwebview] AndroidManifest.xml:45:9-47:36
228            android:name="io.flutter.embedded_views_preview"
228-->[:flutter_inappwebview] AndroidManifest.xml:46:13-61
229            android:value="true" />
229-->[:flutter_inappwebview] AndroidManifest.xml:47:13-33
230
231        <provider
231-->[:share_plus] AndroidManifest.xml:10:9-18:20
232            android:name="dev.fluttercommunity.plus.share.ShareFileProvider"
232-->[:share_plus] AndroidManifest.xml:11:13-77
233            android:authorities="com.sixamtech.stack_food.flutter.share_provider"
233-->[:share_plus] AndroidManifest.xml:12:13-74
234            android:exported="false"
234-->[:share_plus] AndroidManifest.xml:13:13-37
235            android:grantUriPermissions="true" >
235-->[:share_plus] AndroidManifest.xml:14:13-47
236            <meta-data
236-->[:image_picker_android] AndroidManifest.xml:15:13-17:75
237                android:name="android.support.FILE_PROVIDER_PATHS"
237-->[:image_picker_android] AndroidManifest.xml:16:17-67
238                android:resource="@xml/flutter_share_file_paths" />
238-->[:image_picker_android] AndroidManifest.xml:17:17-72
239        </provider>
240
241        <uses-library
241-->[androidx.window:window:1.0.0-beta04] AndroidManifest.xml:25:9-27:40
242            android:name="androidx.window.extensions"
242-->[androidx.window:window:1.0.0-beta04] AndroidManifest.xml:26:13-54
243            android:required="false" />
243-->[androidx.window:window:1.0.0-beta04] AndroidManifest.xml:27:13-37
244        <uses-library
244-->[androidx.window:window:1.0.0-beta04] AndroidManifest.xml:28:9-30:40
245            android:name="androidx.window.sidecar"
245-->[androidx.window:window:1.0.0-beta04] AndroidManifest.xml:29:13-51
246            android:required="false" />
246-->[androidx.window:window:1.0.0-beta04] AndroidManifest.xml:30:13-37
247
248        <receiver
248-->[com.google.firebase:firebase-messaging:23.0.7] AndroidManifest.xml:32:9-39:20
249            android:name="com.google.firebase.iid.FirebaseInstanceIdReceiver"
249-->[com.google.firebase:firebase-messaging:23.0.7] AndroidManifest.xml:33:13-78
250            android:exported="true"
250-->[com.google.firebase:firebase-messaging:23.0.7] AndroidManifest.xml:34:13-36
251            android:permission="com.google.android.c2dm.permission.SEND" >
251-->[com.google.firebase:firebase-messaging:23.0.7] AndroidManifest.xml:35:13-73
252            <intent-filter>
252-->[:firebase_messaging] AndroidManifest.xml:30:13-32:29
253                <action android:name="com.google.android.c2dm.intent.RECEIVE" />
253-->[:firebase_messaging] AndroidManifest.xml:31:17-81
253-->[:firebase_messaging] AndroidManifest.xml:31:25-78
254            </intent-filter>
255        </receiver>
256        <!--
257             FirebaseMessagingService performs security checks at runtime,
258             but set to not exported to explicitly avoid allowing another app to call it.
259        -->
260        <service
260-->[com.google.firebase:firebase-messaging:23.0.7] AndroidManifest.xml:45:9-52:19
261            android:name="com.google.firebase.messaging.FirebaseMessagingService"
261-->[com.google.firebase:firebase-messaging:23.0.7] AndroidManifest.xml:46:13-82
262            android:directBootAware="true"
262-->[com.google.firebase:firebase-messaging:23.0.7] AndroidManifest.xml:47:13-43
263            android:exported="false" >
263-->[com.google.firebase:firebase-messaging:23.0.7] AndroidManifest.xml:48:13-37
264            <intent-filter android:priority="-500" >
264-->[:firebase_messaging] AndroidManifest.xml:21:13-23:29
265                <action android:name="com.google.firebase.MESSAGING_EVENT" />
265-->[:firebase_messaging] AndroidManifest.xml:22:17-78
265-->[:firebase_messaging] AndroidManifest.xml:22:25-75
266            </intent-filter>
267        </service>
268
269        <provider
269-->[com.google.firebase:firebase-common:20.1.1] AndroidManifest.xml:26:9-31:39
270            android:name="com.google.firebase.provider.FirebaseInitProvider"
270-->[com.google.firebase:firebase-common:20.1.1] AndroidManifest.xml:27:13-77
271            android:authorities="com.sixamtech.stack_food.firebaseinitprovider"
271-->[com.google.firebase:firebase-common:20.1.1] AndroidManifest.xml:28:13-72
272            android:directBootAware="true"
272-->[com.google.firebase:firebase-common:20.1.1] AndroidManifest.xml:29:13-43
273            android:exported="false"
273-->[com.google.firebase:firebase-common:20.1.1] AndroidManifest.xml:30:13-37
274            android:initOrder="100" /> <!-- Needs to be explicitly declared on P+ -->
274-->[com.google.firebase:firebase-common:20.1.1] AndroidManifest.xml:31:13-36
275        <uses-library
275-->[com.google.android.gms:play-services-maps:18.0.2] AndroidManifest.xml:39:9-41:40
276            android:name="org.apache.http.legacy"
276-->[com.google.android.gms:play-services-maps:18.0.2] AndroidManifest.xml:40:13-50
277            android:required="false" />
277-->[com.google.android.gms:play-services-maps:18.0.2] AndroidManifest.xml:41:13-37
278
279        <activity
279-->[com.google.android.gms:play-services-base:18.0.1] AndroidManifest.xml:20:9-22:45
280            android:name="com.google.android.gms.common.api.GoogleApiActivity"
280-->[com.google.android.gms:play-services-base:18.0.1] AndroidManifest.xml:20:19-85
281            android:exported="false"
281-->[com.google.android.gms:play-services-base:18.0.1] AndroidManifest.xml:22:19-43
282            android:theme="@android:style/Theme.Translucent.NoTitleBar" />
282-->[com.google.android.gms:play-services-base:18.0.1] AndroidManifest.xml:21:19-78
283
284        <meta-data
284-->[com.google.android.gms:play-services-basement:18.0.0] AndroidManifest.xml:21:9-23:69
285            android:name="com.google.android.gms.version"
285-->[com.google.android.gms:play-services-basement:18.0.0] AndroidManifest.xml:22:13-58
286            android:value="@integer/google_play_services_version" />
286-->[com.google.android.gms:play-services-basement:18.0.0] AndroidManifest.xml:23:13-66
287
288        <provider
288-->[androidx.emoji2:emoji2:1.0.0] AndroidManifest.xml:26:9-34:20
289            android:name="androidx.startup.InitializationProvider"
289-->[androidx.emoji2:emoji2:1.0.0] AndroidManifest.xml:27:13-67
290            android:authorities="com.sixamtech.stack_food.androidx-startup"
290-->[androidx.emoji2:emoji2:1.0.0] AndroidManifest.xml:28:13-68
291            android:exported="false" >
291-->[androidx.emoji2:emoji2:1.0.0] AndroidManifest.xml:29:13-37
292            <meta-data
292-->[androidx.emoji2:emoji2:1.0.0] AndroidManifest.xml:31:13-33:52
293                android:name="androidx.emoji2.text.EmojiCompatInitializer"
293-->[androidx.emoji2:emoji2:1.0.0] AndroidManifest.xml:32:17-75
294                android:value="androidx.startup" />
294-->[androidx.emoji2:emoji2:1.0.0] AndroidManifest.xml:33:17-49
295            <meta-data
295-->[androidx.lifecycle:lifecycle-process:2.4.0] AndroidManifest.xml:31:13-33:52
296                android:name="androidx.lifecycle.ProcessLifecycleInitializer"
296-->[androidx.lifecycle:lifecycle-process:2.4.0] AndroidManifest.xml:32:17-78
297                android:value="androidx.startup" />
297-->[androidx.lifecycle:lifecycle-process:2.4.0] AndroidManifest.xml:33:17-49
298        </provider>
299
300        <service